Build started 12/5/2021 7:45:43 PM.
Logging verbosity is set to: Normal.     1>Project "C:\Users\blebb\OneDrive\Рабочий стол\University\1 курс\1 сем\ОПИ\Lab12 examples\Calendar\Calendar\Calendar.vcxproj" on node 2 (Build target(s)).
     1>InitializeBuildStatus:
         Creating "Release\Calendar.tlog\unsuccessfulbuild" because "AlwaysCreate" was specified.
       ClCompile:
         C:\Program Files (x86)\Microsoft Visual Studio\2019\Community\VC\Tools\MSVC\14.29.30133\bin\HostX86\x86\CL.exe /c /Zi /nologo /W3 /WX- /diagnostics:column /sdl /O2 /Oi /Oy- /GL /D WIN32 /D NDEBUG /D _CONSOLE /D _UNICODE /D UNICODE /Gm- /EHsc /MD /GS /Gy /fp:precise /permissive- /Zc:wchar_t /Zc:forScope /Zc:inline /Fo"Release\\" /Fd"Release\vc142.pdb" /external:W3 /Gd /TP /analyze- /FC /errorReport:prompt printCalendar.cpp
         printCalendar.cpp
       Link:
         C:\Program Files (x86)\Microsoft Visual Studio\2019\Community\VC\Tools\MSVC\14.29.30133\bin\HostX86\x86\link.exe /ERRORREPORT:PROMPT /OUT:"C:\Users\blebb\OneDrive\Рабочий стол\University\1 курс\1 сем\ОПИ\Lab12 examples\Calendar\Release\Calendar.exe" /INCREMENTAL:NO /NOLOGO kernel32.lib user32.lib gdi32.lib winspool.lib comdlg32.lib advapi32.lib shell32.lib ole32.lib oleaut32.lib uuid.lib odbc32.lib odbccp32.lib /MANIFEST /MANIFESTUAC:"level='asInvoker' uiAccess='false'" /manifest:embed /DEBUG /PDB:"C:\Users\blebb\OneDrive\Рабочий стол\University\1 курс\1 сем\ОПИ\Lab12 examples\Calendar\Release\Calendar.pdb" /SUBSYSTEM:CONSOLE /OPT:REF /OPT:ICF /LTCG:incremental /LTCGOUT:"Release\Calendar.iobj" /TLBID:1 /DYNAMICBASE /NXCOMPAT /IMPLIB:"C:\Users\blebb\OneDrive\Рабочий стол\University\1 курс\1 сем\ОПИ\Lab12 examples\Calendar\Release\Calendar.lib" /MACHINE:X86 /SAFESEH Release\main.obj
         Release\printCalendar.obj
         Generating code
         1 of 91 functions ( 1.1%) were compiled, the rest were copied from previous compilation.
           0 functions were new in current compilation
           1 functions had inline decision re-evaluated but remain unchanged
         Finished generating code
         Calendar.vcxproj -> C:\Users\blebb\OneDrive\Рабочий стол\University\1 курс\1 сем\ОПИ\Lab12 examples\Calendar\Release\Calendar.exe
       FinalizeBuildStatus:
         Deleting file "Release\Calendar.tlog\unsuccessfulbuild".
         Touching "Release\Calendar.tlog\Calendar.lastbuildstate".
     1>Done Building Project "C:\Users\blebb\OneDrive\Рабочий стол\University\1 курс\1 сем\ОПИ\Lab12 examples\Calendar\Calendar\Calendar.vcxproj" (Build target(s)).

Build succeeded.
    0 Warning(s)
    0 Error(s)

Time Elapsed 00:00:00.66
